<INTEIRO , inteiro>
<DOISPONTOS , :>
<IDENTIFICADOR , T>
<IDENTIFICADOR , T>
<ATRIBUICAO , :=>
<NUMERO , 4>
<INTEIRO , inteiro>
<DOISPONTOS , :>
<IDENTIFICADOR , V1>
<ABRECOL , [>
<IDENTIFICADOR , T>
<FECHACOL , ]>
<INTEIRO , inteiro>
<IDENTIFICADOR , somavet>
<ABREPAR , (>
<INTEIRO , inteiro>
<DOISPONTOS , :>
<IDENTIFICADOR , vet>
<ABRECOL , [>
<FECHACOL , ]>
<VIRGULA , ,>
<INTEIRO , inteiro>
<DOISPONTOS , :>
<IDENTIFICADOR , tam>
<FECHAPAR , )>
<INTEIRO , inteiro>
<DOISPONTOS , :>
<IDENTIFICADOR , result>
<IDENTIFICADOR , result>
<ATRIBUICAO , :=>
<NUMERO , 0>
<INTEIRO , inteiro>
<DOISPONTOS , :>
<IDENTIFICADOR , i>
<IDENTIFICADOR , i>
<ATRIBUICAO , :=>
<NUMERO , 0>
<REPITA , repita>
<IDENTIFICADOR , result>
<ATRIBUICAO , :=>
<IDENTIFICADOR , result>
<SOMA , +>
<IDENTIFICADOR , vet>
<ABRECOL , [>
<IDENTIFICADOR , i>
<FECHACOL , ]>
<IDENTIFICADOR , i>
<ATRIBUICAO , :=>
<IDENTIFICADOR , i>
<SOMA , +>
<NUMERO , 1>
<ATE , até>
<IDENTIFICADOR , i>
<IGUALDADE , =>
<IDENTIFICADOR , tam>
<SUBTRACAO , ->
<NUMERO , 1>
<RETORNA , retorna>
<ABREPAR , (>
<IDENTIFICADOR , result>
<FECHAPAR , )>
<FIM , fim>
<INTEIRO , inteiro>
<PRINCIPAL , principal>
<ABREPAR , (>
<FECHAPAR , )>
<INTEIRO , inteiro>
<DOISPONTOS , :>
<IDENTIFICADOR , x>
<IDENTIFICADOR , x>
<ATRIBUICAO , :=>
<IDENTIFICADOR , somavet>
<ABREPAR , (>
<IDENTIFICADOR , V1>
<VIRGULA , ,>
<IDENTIFICADOR , T>
<FECHAPAR , )>
<RETORNA , retorna>
<ABREPAR , (>
<NUMERO , 0>
<FECHAPAR , )>
<FIM , fim>
